<?xml version="1.0" encoding="UTF-8"?>
<testsuite xmlns:xsi="http://www.w3.org/2001/XMLSchema-instance" xsi:noNamespaceSchemaLocation="https://maven.apache.org/surefire/maven-surefire-plugin/xsd/surefire-test-report.xsd" name="twitter.AppTest" time="0.148" tests="1" errors="0" skipped="0" failures="0">
  <properties>
    <property name="awt.toolkit" value="sun.awt.X11.XToolkit"/>
    <property name="file.encoding.pkg" value="sun.io"/>
    <property name="java.specification.version" value="1.8"/>
    <property name="sun.cpu.isalist" value=""/>
    <property name="sun.jnu.encoding" value="UTF-8"/>
    <property name="java.class.path" value="/mnt/d/School/BIGDATA/submission/profiling_code/target/test-classes:/mnt/d/School/BIGDATA/submission/profiling_code/target/classes:/home/duhuhu/.m2/repository/org/apache/hadoop/hadoop-core/1.2.1/hadoop-core-1.2.1.jar:/home/duhuhu/.m2/repository/commons-cli/commons-cli/1.2/commons-cli-1.2.jar:/home/duhuhu/.m2/repository/xmlenc/xmlenc/0.52/xmlenc-0.52.jar:/home/duhuhu/.m2/repository/com/sun/jersey/jersey-core/1.8/jersey-core-1.8.jar:/home/duhuhu/.m2/repository/com/sun/jersey/jersey-json/1.8/jersey-json-1.8.jar:/home/duhuhu/.m2/repository/org/codehaus/jettison/jettison/1.1/jettison-1.1.jar:/home/duhuhu/.m2/repository/stax/stax-api/1.0.1/stax-api-1.0.1.jar:/home/duhuhu/.m2/repository/com/sun/xml/bind/jaxb-impl/2.2.3-1/jaxb-impl-2.2.3-1.jar:/home/duhuhu/.m2/repository/javax/xml/bind/jaxb-api/2.2.2/jaxb-api-2.2.2.jar:/home/duhuhu/.m2/repository/javax/xml/stream/stax-api/1.0-2/stax-api-1.0-2.jar:/home/duhuhu/.m2/repository/javax/activation/activation/1.1/activation-1.1.jar:/home/duhuhu/.m2/repository/org/codehaus/jackson/jackson-core-asl/1.7.1/jackson-core-asl-1.7.1.jar:/home/duhuhu/.m2/repository/org/codehaus/jackson/jackson-jaxrs/1.7.1/jackson-jaxrs-1.7.1.jar:/home/duhuhu/.m2/repository/org/codehaus/jackson/jackson-xc/1.7.1/jackson-xc-1.7.1.jar:/home/duhuhu/.m2/repository/com/sun/jersey/jersey-server/1.8/jersey-server-1.8.jar:/home/duhuhu/.m2/repository/asm/asm/3.1/asm-3.1.jar:/home/duhuhu/.m2/repository/commons-io/commons-io/2.1/commons-io-2.1.jar:/home/duhuhu/.m2/repository/commons-httpclient/commons-httpclient/3.0.1/commons-httpclient-3.0.1.jar:/home/duhuhu/.m2/repository/commons-logging/commons-logging/1.0.3/commons-logging-1.0.3.jar:/home/duhuhu/.m2/repository/commons-codec/commons-codec/1.4/commons-codec-1.4.jar:/home/duhuhu/.m2/repository/org/apache/commons/commons-math/2.1/commons-math-2.1.jar:/home/duhuhu/.m2/repository/commons-configuration/commons-configuration/1.6/commons-configuration-1.6.jar:/home/duhuhu/.m2/repository/commons-collections/commons-collections/3.2.1/commons-collections-3.2.1.jar:/home/duhuhu/.m2/repository/commons-lang/commons-lang/2.4/commons-lang-2.4.jar:/home/duhuhu/.m2/repository/commons-digester/commons-digester/1.8/commons-digester-1.8.jar:/home/duhuhu/.m2/repository/commons-beanutils/commons-beanutils/1.7.0/commons-beanutils-1.7.0.jar:/home/duhuhu/.m2/repository/commons-beanutils/commons-beanutils-core/1.8.0/commons-beanutils-core-1.8.0.jar:/home/duhuhu/.m2/repository/commons-net/commons-net/1.4.1/commons-net-1.4.1.jar:/home/duhuhu/.m2/repository/org/mortbay/jetty/jetty/6.1.26/jetty-6.1.26.jar:/home/duhuhu/.m2/repository/org/mortbay/jetty/servlet-api/2.5-20081211/servlet-api-2.5-20081211.jar:/home/duhuhu/.m2/repository/org/mortbay/jetty/jetty-util/6.1.26/jetty-util-6.1.26.jar:/home/duhuhu/.m2/repository/tomcat/jasper-runtime/5.5.12/jasper-runtime-5.5.12.jar:/home/duhuhu/.m2/repository/tomcat/jasper-compiler/5.5.12/jasper-compiler-5.5.12.jar:/home/duhuhu/.m2/repository/org/mortbay/jetty/jsp-api-2.1/6.1.14/jsp-api-2.1-6.1.14.jar:/home/duhuhu/.m2/repository/org/mortbay/jetty/servlet-api-2.5/6.1.14/servlet-api-2.5-6.1.14.jar:/home/duhuhu/.m2/repository/org/mortbay/jetty/jsp-2.1/6.1.14/jsp-2.1-6.1.14.jar:/home/duhuhu/.m2/repository/ant/ant/1.6.5/ant-1.6.5.jar:/home/duhuhu/.m2/repository/commons-el/commons-el/1.0/commons-el-1.0.jar:/home/duhuhu/.m2/repository/net/java/dev/jets3t/jets3t/0.6.1/jets3t-0.6.1.jar:/home/duhuhu/.m2/repository/hsqldb/hsqldb/1.8.0.10/hsqldb-1.8.0.10.jar:/home/duhuhu/.m2/repository/oro/oro/2.0.8/oro-2.0.8.jar:/home/duhuhu/.m2/repository/org/eclipse/jdt/core/3.1.1/core-3.1.1.jar:/home/duhuhu/.m2/repository/org/codehaus/jackson/jackson-mapper-asl/1.8.8/jackson-mapper-asl-1.8.8.jar:/home/duhuhu/.m2/repository/junit/junit/4.11/junit-4.11.jar:/home/duhuhu/.m2/repository/org/hamcrest/hamcrest-core/1.3/hamcrest-core-1.3.jar:"/>
    <property name="java.vm.vendor" value="Private Build"/>
    <property name="sun.arch.data.model" value="64"/>
    <property name="java.vendor.url" value="http://java.oracle.com/"/>
    <property name="user.timezone" value=""/>
    <property name="java.vm.specification.version" value="1.8"/>
    <property name="os.name" value="Linux"/>
    <property name="sun.java.launcher" value="SUN_STANDARD"/>
    <property name="sun.boot.library.path" value="/usr/lib/jvm/java-8-openjdk-amd64/jre/lib/amd64"/>
    <property name="sun.java.command" value="/mnt/d/School/BIGDATA/submission/profiling_code/target/surefire/surefirebooter2497711795603697723.jar /mnt/d/School/BIGDATA/submission/profiling_code/target/surefire 2022-04-24T17-33-59_262-jvmRun1 surefire8630626864895277172tmp surefire_04754337325399372608tmp"/>
    <property name="surefire.test.class.path" value="/mnt/d/School/BIGDATA/submission/profiling_code/target/test-classes:/mnt/d/School/BIGDATA/submission/profiling_code/target/classes:/home/duhuhu/.m2/repository/org/apache/hadoop/hadoop-core/1.2.1/hadoop-core-1.2.1.jar:/home/duhuhu/.m2/repository/commons-cli/commons-cli/1.2/commons-cli-1.2.jar:/home/duhuhu/.m2/repository/xmlenc/xmlenc/0.52/xmlenc-0.52.jar:/home/duhuhu/.m2/repository/com/sun/jersey/jersey-core/1.8/jersey-core-1.8.jar:/home/duhuhu/.m2/repository/com/sun/jersey/jersey-json/1.8/jersey-json-1.8.jar:/home/duhuhu/.m2/repository/org/codehaus/jettison/jettison/1.1/jettison-1.1.jar:/home/duhuhu/.m2/repository/stax/stax-api/1.0.1/stax-api-1.0.1.jar:/home/duhuhu/.m2/repository/com/sun/xml/bind/jaxb-impl/2.2.3-1/jaxb-impl-2.2.3-1.jar:/home/duhuhu/.m2/repository/javax/xml/bind/jaxb-api/2.2.2/jaxb-api-2.2.2.jar:/home/duhuhu/.m2/repository/javax/xml/stream/stax-api/1.0-2/stax-api-1.0-2.jar:/home/duhuhu/.m2/repository/javax/activation/activation/1.1/activation-1.1.jar:/home/duhuhu/.m2/repository/org/codehaus/jackson/jackson-core-asl/1.7.1/jackson-core-asl-1.7.1.jar:/home/duhuhu/.m2/repository/org/codehaus/jackson/jackson-jaxrs/1.7.1/jackson-jaxrs-1.7.1.jar:/home/duhuhu/.m2/repository/org/codehaus/jackson/jackson-xc/1.7.1/jackson-xc-1.7.1.jar:/home/duhuhu/.m2/repository/com/sun/jersey/jersey-server/1.8/jersey-server-1.8.jar:/home/duhuhu/.m2/repository/asm/asm/3.1/asm-3.1.jar:/home/duhuhu/.m2/repository/commons-io/commons-io/2.1/commons-io-2.1.jar:/home/duhuhu/.m2/repository/commons-httpclient/commons-httpclient/3.0.1/commons-httpclient-3.0.1.jar:/home/duhuhu/.m2/repository/commons-logging/commons-logging/1.0.3/commons-logging-1.0.3.jar:/home/duhuhu/.m2/repository/commons-codec/commons-codec/1.4/commons-codec-1.4.jar:/home/duhuhu/.m2/repository/org/apache/commons/commons-math/2.1/commons-math-2.1.jar:/home/duhuhu/.m2/repository/commons-configuration/commons-configuration/1.6/commons-configuration-1.6.jar:/home/duhuhu/.m2/repository/commons-collections/commons-collections/3.2.1/commons-collections-3.2.1.jar:/home/duhuhu/.m2/repository/commons-lang/commons-lang/2.4/commons-lang-2.4.jar:/home/duhuhu/.m2/repository/commons-digester/commons-digester/1.8/commons-digester-1.8.jar:/home/duhuhu/.m2/repository/commons-beanutils/commons-beanutils/1.7.0/commons-beanutils-1.7.0.jar:/home/duhuhu/.m2/repository/commons-beanutils/commons-beanutils-core/1.8.0/commons-beanutils-core-1.8.0.jar:/home/duhuhu/.m2/repository/commons-net/commons-net/1.4.1/commons-net-1.4.1.jar:/home/duhuhu/.m2/repository/org/mortbay/jetty/jetty/6.1.26/jetty-6.1.26.jar:/home/duhuhu/.m2/repository/org/mortbay/jetty/servlet-api/2.5-20081211/servlet-api-2.5-20081211.jar:/home/duhuhu/.m2/repository/org/mortbay/jetty/jetty-util/6.1.26/jetty-util-6.1.26.jar:/home/duhuhu/.m2/repository/tomcat/jasper-runtime/5.5.12/jasper-runtime-5.5.12.jar:/home/duhuhu/.m2/repository/tomcat/jasper-compiler/5.5.12/jasper-compiler-5.5.12.jar:/home/duhuhu/.m2/repository/org/mortbay/jetty/jsp-api-2.1/6.1.14/jsp-api-2.1-6.1.14.jar:/home/duhuhu/.m2/repository/org/mortbay/jetty/servlet-api-2.5/6.1.14/servlet-api-2.5-6.1.14.jar:/home/duhuhu/.m2/repository/org/mortbay/jetty/jsp-2.1/6.1.14/jsp-2.1-6.1.14.jar:/home/duhuhu/.m2/repository/ant/ant/1.6.5/ant-1.6.5.jar:/home/duhuhu/.m2/repository/commons-el/commons-el/1.0/commons-el-1.0.jar:/home/duhuhu/.m2/repository/net/java/dev/jets3t/jets3t/0.6.1/jets3t-0.6.1.jar:/home/duhuhu/.m2/repository/hsqldb/hsqldb/1.8.0.10/hsqldb-1.8.0.10.jar:/home/duhuhu/.m2/repository/oro/oro/2.0.8/oro-2.0.8.jar:/home/duhuhu/.m2/repository/org/eclipse/jdt/core/3.1.1/core-3.1.1.jar:/home/duhuhu/.m2/repository/org/codehaus/jackson/jackson-mapper-asl/1.8.8/jackson-mapper-asl-1.8.8.jar:/home/duhuhu/.m2/repository/junit/junit/4.11/junit-4.11.jar:/home/duhuhu/.m2/repository/org/hamcrest/hamcrest-core/1.3/hamcrest-core-1.3.jar:"/>
    <property name="sun.cpu.endian" value="little"/>
    <property name="user.home" value="/home/duhuhu"/>
    <property name="user.language" value="en"/>
    <property name="java.specification.vendor" value="Oracle Corporation"/>
    <property name="java.home" value="/usr/lib/jvm/java-8-openjdk-amd64/jre"/>
    <property name="basedir" value="/mnt/d/School/BIGDATA/submission/profiling_code"/>
    <property name="file.separator" value="/"/>
    <property name="line.separator" value="&#10;"/>
    <property name="java.vm.specification.vendor" value="Oracle Corporation"/>
    <property name="java.specification.name" value="Java Platform API Specification"/>
    <property name="java.awt.graphicsenv" value="sun.awt.X11GraphicsEnvironment"/>
    <property name="surefire.real.class.path" value="/mnt/d/School/BIGDATA/submission/profiling_code/target/surefire/surefirebooter2497711795603697723.jar"/>
    <property name="sun.boot.class.path" value="/usr/lib/jvm/java-8-openjdk-amd64/jre/lib/resources.jar:/usr/lib/jvm/java-8-openjdk-amd64/jre/lib/rt.jar:/usr/lib/jvm/java-8-openjdk-amd64/jre/lib/sunrsasign.jar:/usr/lib/jvm/java-8-openjdk-amd64/jre/lib/jsse.jar:/usr/lib/jvm/java-8-openjdk-amd64/jre/lib/jce.jar:/usr/lib/jvm/java-8-openjdk-amd64/jre/lib/charsets.jar:/usr/lib/jvm/java-8-openjdk-amd64/jre/lib/jfr.jar:/usr/lib/jvm/java-8-openjdk-amd64/jre/classes"/>
    <property name="sun.management.compiler" value="HotSpot 64-Bit Tiered Compilers"/>
    <property name="java.runtime.version" value="1.8.0_312-8u312-b07-0ubuntu1~20.04-b07"/>
    <property name="user.name" value="duhuhu"/>
    <property name="path.separator" value=":"/>
    <property name="os.version" value="4.19.128-microsoft-standard"/>
    <property name="java.endorsed.dirs" value="/usr/lib/jvm/java-8-openjdk-amd64/jre/lib/endorsed"/>
    <property name="java.runtime.name" value="OpenJDK Runtime Environment"/>
    <property name="file.encoding" value="UTF-8"/>
    <property name="java.vm.name" value="OpenJDK 64-Bit Server VM"/>
    <property name="localRepository" value="/home/duhuhu/.m2/repository"/>
    <property name="java.vendor.url.bug" value="http://bugreport.sun.com/bugreport/"/>
    <property name="java.io.tmpdir" value="/tmp"/>
    <property name="java.version" value="1.8.0_312"/>
    <property name="user.dir" value="/mnt/d/School/BIGDATA/submission/profiling_code"/>
    <property name="os.arch" value="amd64"/>
    <property name="java.vm.specification.name" value="Java Virtual Machine Specification"/>
    <property name="java.awt.printerjob" value="sun.print.PSPrinterJob"/>
    <property name="sun.os.patch.level" value="unknown"/>
    <property name="java.library.path" value="/usr/java/packages/lib/amd64:/usr/lib/x86_64-linux-gnu/jni:/lib/x86_64-linux-gnu:/usr/lib/x86_64-linux-gnu:/usr/lib/jni:/lib:/usr/lib"/>
    <property name="java.vm.info" value="mixed mode"/>
    <property name="java.vendor" value="Private Build"/>
    <property name="java.vm.version" value="25.312-b07"/>
    <property name="java.ext.dirs" value="/usr/lib/jvm/java-8-openjdk-amd64/jre/lib/ext:/usr/java/packages/lib/ext"/>
    <property name="sun.io.unicode.encoding" value="UnicodeLittle"/>
    <property name="java.class.version" value="52.0"/>
  </properties>
  <testcase name="shouldAnswerWithTrue" classname="twitter.AppTest" time="0.004"/>
</testsuite>